null 
null 
null 
null 
null 
null 
null 
null 
null 
null 
null 
null 
null 
null 
null null null 29 null 
null null null null 29 null 
null null null null 29 null 
null null null null null 29 null 
null 29 null 
null 29 null 
null 29 null null 
null null 29 null 
null 29 null null 
null null 29 null 
null 29 null null null null null 
null null null null null 29 null 
null 29 null null null null 
null null null null 29 null 
null 29 null null 
null null 29 null 
null 29 null null null null 
null null null null 29 null 
null 29 null 
null 29 null 
